%!Adobe-FontList 1.14
%Locale:0x409

%BeginFont
Handler:DirectoryHandler
FontType:TrueType
FontName:AvenirNextCondensed-Bold
FamilyName:Avenir Next Condensed
StyleName:Bold
FullName:Avenir Next Condensed Bold
MenuName:Avenir Next Condensed
StyleBits:2
WritingScript:Roman
OutlineFileName:C:\Users\DWIKY DIAS LAKSMANA\Downloads\Compressed\kadangkoding cfi\kadangkoding cfi\Font\Avenir Next Condensed.ttc
TTCOffset:72
DataFormat:sfntData
FileLength:3325568
FileModTime:1490223808
WeightClass:700
WidthClass:3
AngleClass:0
%EndFont

%BeginFont
Handler:DirectoryHandler
FontType:TrueType
FontName:AvenirNextCondensed-BoldItalic
FamilyName:Avenir Next Condensed
StyleName:Bold Italic
FullName:Avenir Next Condensed Bold Italic
MenuName:Avenir Next Condensed
StyleBits:0
WritingScript:Roman
OutlineFileName:C:\Users\DWIKY DIAS LAKSMANA\Downloads\Compressed\kadangkoding cfi\kadangkoding cfi\Font\Avenir Next Condensed.ttc
TTCOffset:372
DataFormat:sfntData
FileLength:3325568
FileModTime:1490223808
WeightClass:700
WidthClass:3
AngleClass:1
%EndFont

%BeginFont
Handler:DirectoryHandler
FontType:TrueType
FontName:AvenirNextCondensed-DemiBold
FamilyName:Avenir Next Condensed
StyleName:Demi Bold
FullName:Avenir Next Condensed Demi Bold
MenuName:Avenir Next Condensed Demi Bold
StyleBits:0
WritingScript:Roman
OutlineFileName:C:\Users\DWIKY DIAS LAKSMANA\Downloads\Compressed\kadangkoding cfi\kadangkoding cfi\Font\Avenir Next Condensed.ttc
TTCOffset:672
DataFormat:sfntData
FileLength:3325568
FileModTime:1490223808
WeightClass:600
WidthClass:3
AngleClass:0
%EndFont

%BeginFont
Handler:DirectoryHandler
FontType:TrueType
FontName:AvenirNextCondensed-DemiBoldItalic
FamilyName:Avenir Next Condensed
StyleName:Demi Bold Italic
FullName:Avenir Next Condensed Demi Bold Italic
MenuName:Avenir Next Condensed Demi Bold
StyleBits:0
WritingScript:Roman
OutlineFileName:C:\Users\DWIKY DIAS LAKSMANA\Downloads\Compressed\kadangkoding cfi\kadangkoding cfi\Font\Avenir Next Condensed.ttc
TTCOffset:972
DataFormat:sfntData
FileLength:3325568
FileModTime:1490223808
WeightClass:600
WidthClass:3
AngleClass:1
%EndFont

%BeginFont
Handler:DirectoryHandler
FontType:TrueType
FontName:AvenirNextCondensed-Italic
FamilyName:Avenir Next Condensed
StyleName:Italic
FullName:Avenir Next Condensed Italic
MenuName:Avenir Next Condensed
StyleBits:0
WritingScript:Roman
OutlineFileName:C:\Users\DWIKY DIAS LAKSMANA\Downloads\Compressed\kadangkoding cfi\kadangkoding cfi\Font\Avenir Next Condensed.ttc
TTCOffset:1272
DataFormat:sfntData
FileLength:3325568
FileModTime:1490223808
WeightClass:400
WidthClass:3
AngleClass:1
%EndFont

%BeginFont
Handler:DirectoryHandler
FontType:TrueType
FontName:AvenirNextCondensed-Medium
FamilyName:Avenir Next Condensed
StyleName:Medium
FullName:Avenir Next Condensed Medium
MenuName:Avenir Next Condensed Medium
StyleBits:0
WritingScript:Roman
OutlineFileName:C:\Users\DWIKY DIAS LAKSMANA\Downloads\Compressed\kadangkoding cfi\kadangkoding cfi\Font\Avenir Next Condensed.ttc
TTCOffset:1572
DataFormat:sfntData
FileLength:3325568
FileModTime:1490223808
WeightClass:500
WidthClass:3
AngleClass:0
%EndFont

%BeginFont
Handler:DirectoryHandler
FontType:TrueType
FontName:AvenirNextCondensed-MediumItalic
FamilyName:Avenir Next Condensed
StyleName:Medium Italic
FullName:Avenir Next Medium Condensed Italic
MenuName:Avenir Next Condensed Medium
StyleBits:1
WritingScript:Roman
OutlineFileName:C:\Users\DWIKY DIAS LAKSMANA\Downloads\Compressed\kadangkoding cfi\kadangkoding cfi\Font\Avenir Next Condensed.ttc
TTCOffset:1872
DataFormat:sfntData
FileLength:3325568
FileModTime:1490223808
WeightClass:500
WidthClass:3
AngleClass:0
%EndFont

%BeginFont
Handler:DirectoryHandler
FontType:TrueType
FontName:AvenirNextCondensed-Regular
FamilyName:Avenir Next Condensed
StyleName:Regular
FullName:Avenir Next Condensed Regular
MenuName:Avenir Next Condensed
StyleBits:0
WritingScript:Roman
OutlineFileName:C:\Users\DWIKY DIAS LAKSMANA\Downloads\Compressed\kadangkoding cfi\kadangkoding cfi\Font\Avenir Next Condensed.ttc
TTCOffset:2172
DataFormat:sfntData
FileLength:3325568
FileModTime:1490223808
WeightClass:400
WidthClass:3
AngleClass:0
%EndFont

%BeginFont
Handler:DirectoryHandler
FontType:TrueType
FontName:AvenirNextCondensed-Heavy
FamilyName:Avenir Next Condensed
StyleName:Heavy
FullName:Avenir Next Condensed Heavy
MenuName:Avenir Next Condensed Heavy
StyleBits:0
WritingScript:Roman
OutlineFileName:C:\Users\DWIKY DIAS LAKSMANA\Downloads\Compressed\kadangkoding cfi\kadangkoding cfi\Font\Avenir Next Condensed.ttc
TTCOffset:2472
DataFormat:sfntData
FileLength:3325568
FileModTime:1490223808
WeightClass:900
WidthClass:3
AngleClass:0
%EndFont

%BeginFont
Handler:DirectoryHandler
FontType:TrueType
FontName:AvenirNextCondensed-HeavyItalic
FamilyName:Avenir Next Condensed
StyleName:Heavy Italic
FullName:Avenir Next Condensed Heavy Italic
MenuName:Avenir Next Condensed Heavy
StyleBits:0
WritingScript:Roman
OutlineFileName:C:\Users\DWIKY DIAS LAKSMANA\Downloads\Compressed\kadangkoding cfi\kadangkoding cfi\Font\Avenir Next Condensed.ttc
TTCOffset:2772
DataFormat:sfntData
FileLength:3325568
FileModTime:1490223808
WeightClass:900
WidthClass:3
AngleClass:0
%EndFont

%BeginFont
Handler:DirectoryHandler
FontType:TrueType
FontName:AvenirNextCondensed-UltraLight
FamilyName:Avenir Next Condensed
StyleName:Ultra Light
FullName:Avenir Next Condensed Ultra Light
MenuName:Avenir Next Condensed Ultra Light
StyleBits:0
WritingScript:Roman
OutlineFileName:C:\Users\DWIKY DIAS LAKSMANA\Downloads\Compressed\kadangkoding cfi\kadangkoding cfi\Font\Avenir Next Condensed.ttc
TTCOffset:3072
DataFormat:sfntData
FileLength:3325568
FileModTime:1490223808
WeightClass:275
WidthClass:3
AngleClass:0
%EndFont

%BeginFont
Handler:DirectoryHandler
FontType:TrueType
FontName:AvenirNextCondensed-UltraLightItalic
FamilyName:Avenir Next Condensed
StyleName:Ultra Light Italic
FullName:Avenir Next Condensed Ultra Light Italic
MenuName:Avenir Next Condensed Ultra Light
StyleBits:0
WritingScript:Roman
OutlineFileName:C:\Users\DWIKY DIAS LAKSMANA\Downloads\Compressed\kadangkoding cfi\kadangkoding cfi\Font\Avenir Next Condensed.ttc
TTCOffset:3372
DataFormat:sfntData
FileLength:3325568
FileModTime:1490223808
WeightClass:275
WidthClass:3
AngleClass:0
%EndFont

%BeginFont
Handler:DirectoryHandler
FontType:TrueType
FontName:AvenirNext-Bold
FamilyName:Avenir Next
StyleName:Bold
FullName:Avenir Next Bold
MenuName:Avenir Next
StyleBits:2
WritingScript:Roman
OutlineFileName:C:\Users\DWIKY DIAS LAKSMANA\Downloads\Compressed\kadangkoding cfi\kadangkoding cfi\Font\Avenir Next.ttc
TTCOffset:72
DataFormat:sfntData
FileLength:5045468
FileModTime:1490223808
WeightClass:700
WidthClass:5
AngleClass:0
%EndFont

%BeginFont
Handler:DirectoryHandler
FontType:TrueType
FontName:AvenirNext-BoldItalic
FamilyName:Avenir Next
StyleName:Bold Italic
FullName:Avenir Next Bold Italic
MenuName:Avenir Next
StyleBits:0
WritingScript:Roman
OutlineFileName:C:\Users\DWIKY DIAS LAKSMANA\Downloads\Compressed\kadangkoding cfi\kadangkoding cfi\Font\Avenir Next.ttc
TTCOffset:372
DataFormat:sfntData
FileLength:5045468
FileModTime:1490223808
WeightClass:700
WidthClass:5
AngleClass:1
%EndFont

%BeginFont
Handler:DirectoryHandler
FontType:TrueType
FontName:AvenirNext-DemiBold
FamilyName:Avenir Next
StyleName:Demi Bold
FullName:Avenir Next Demi Bold
MenuName:Avenir Next Demi Bold
StyleBits:2
WritingScript:Roman
OutlineFileName:C:\Users\DWIKY DIAS LAKSMANA\Downloads\Compressed\kadangkoding cfi\kadangkoding cfi\Font\Avenir Next.ttc
TTCOffset:672
DataFormat:sfntData
FileLength:5045468
FileModTime:1490223808
WeightClass:600
WidthClass:5
AngleClass:0
%EndFont

%BeginFont
Handler:DirectoryHandler
FontType:TrueType
FontName:AvenirNext-DemiBoldItalic
FamilyName:Avenir Next
StyleName:Demi Bold Italic
FullName:Avenir Next Demi Bold Italic
MenuName:Avenir Next Demi Bold
StyleBits:3
WritingScript:Roman
OutlineFileName:C:\Users\DWIKY DIAS LAKSMANA\Downloads\Compressed\kadangkoding cfi\kadangkoding cfi\Font\Avenir Next.ttc
TTCOffset:972
DataFormat:sfntData
FileLength:5045468
FileModTime:1490223808
WeightClass:600
WidthClass:5
AngleClass:0
%EndFont

%BeginFont
Handler:DirectoryHandler
FontType:TrueType
FontName:AvenirNext-Italic
FamilyName:Avenir Next
StyleName:Italic
FullName:Avenir Next Italic
MenuName:Avenir Next
StyleBits:1
WritingScript:Roman
OutlineFileName:C:\Users\DWIKY DIAS LAKSMANA\Downloads\Compressed\kadangkoding cfi\kadangkoding cfi\Font\Avenir Next.ttc
TTCOffset:1272
DataFormat:sfntData
FileLength:5045468
FileModTime:1490223808
WeightClass:400
WidthClass:5
AngleClass:1
%EndFont

%BeginFont
Handler:DirectoryHandler
FontType:TrueType
FontName:AvenirNext-Medium
FamilyName:Avenir Next
StyleName:Medium
FullName:Avenir Next Medium
MenuName:Avenir Next Medium
StyleBits:0
WritingScript:Roman
OutlineFileName:C:\Users\DWIKY DIAS LAKSMANA\Downloads\Compressed\kadangkoding cfi\kadangkoding cfi\Font\Avenir Next.ttc
TTCOffset:1572
DataFormat:sfntData
FileLength:5045468
FileModTime:1490223808
WeightClass:500
WidthClass:5
AngleClass:0
%EndFont

%BeginFont
Handler:DirectoryHandler
FontType:TrueType
FontName:AvenirNext-MediumItalic
FamilyName:Avenir Next
StyleName:Medium Italic
FullName:Avenir Next Medium Italic
MenuName:Avenir Next Medium
StyleBits:1
WritingScript:Roman
OutlineFileName:C:\Users\DWIKY DIAS LAKSMANA\Downloads\Compressed\kadangkoding cfi\kadangkoding cfi\Font\Avenir Next.ttc
TTCOffset:1872
DataFormat:sfntData
FileLength:5045468
FileModTime:1490223808
WeightClass:500
WidthClass:5
AngleClass:0
%EndFont

%BeginFont
Handler:DirectoryHandler
FontType:TrueType
FontName:AvenirNext-Regular
FamilyName:Avenir Next
StyleName:Regular
FullName:Avenir Next Regular
MenuName:Avenir Next
StyleBits:0
WritingScript:Roman
OutlineFileName:C:\Users\DWIKY DIAS LAKSMANA\Downloads\Compressed\kadangkoding cfi\kadangkoding cfi\Font\Avenir Next.ttc
TTCOffset:2172
DataFormat:sfntData
FileLength:5045468
FileModTime:1490223808
WeightClass:400
WidthClass:5
AngleClass:0
%EndFont

%BeginFont
Handler:DirectoryHandler
FontType:TrueType
FontName:AvenirNext-Heavy
FamilyName:Avenir Next
StyleName:Heavy
FullName:Avenir Next Heavy
MenuName:Avenir Next Heavy
StyleBits:0
WritingScript:Roman
OutlineFileName:C:\Users\DWIKY DIAS LAKSMANA\Downloads\Compressed\kadangkoding cfi\kadangkoding cfi\Font\Avenir Next.ttc
TTCOffset:2472
DataFormat:sfntData
FileLength:5045468
FileModTime:1490223808
WeightClass:900
WidthClass:5
AngleClass:0
%EndFont

%BeginFont
Handler:DirectoryHandler
FontType:TrueType
FontName:AvenirNext-HeavyItalic
FamilyName:Avenir Next
StyleName:Heavy Italic
FullName:Avenir Next Heavy Italic
MenuName:Avenir Next Heavy
StyleBits:1
WritingScript:Roman
OutlineFileName:C:\Users\DWIKY DIAS LAKSMANA\Downloads\Compressed\kadangkoding cfi\kadangkoding cfi\Font\Avenir Next.ttc
TTCOffset:2772
DataFormat:sfntData
FileLength:5045468
FileModTime:1490223808
WeightClass:900
WidthClass:5
AngleClass:1
%EndFont

%BeginFont
Handler:DirectoryHandler
FontType:TrueType
FontName:AvenirNext-UltraLight
FamilyName:Avenir Next
StyleName:Ultra Light
FullName:AvenirNext-UltraLight
MenuName:Avenir Next Ultra Light
StyleBits:0
WritingScript:Roman
OutlineFileName:C:\Users\DWIKY DIAS LAKSMANA\Downloads\Compressed\kadangkoding cfi\kadangkoding cfi\Font\Avenir Next.ttc
TTCOffset:3072
DataFormat:sfntData
FileLength:5045468
FileModTime:1490223808
WeightClass:275
WidthClass:5
AngleClass:0
%EndFont

%BeginFont
Handler:DirectoryHandler
FontType:TrueType
FontName:AvenirNext-UltraLightItalic
FamilyName:Avenir Next
StyleName:Ultra Light Italic
FullName:Avenir Next Ultra Light Italic
MenuName:Avenir Next Ultra Light
StyleBits:0
WritingScript:Roman
OutlineFileName:C:\Users\DWIKY DIAS LAKSMANA\Downloads\Compressed\kadangkoding cfi\kadangkoding cfi\Font\Avenir Next.ttc
TTCOffset:3372
DataFormat:sfntData
FileLength:5045468
FileModTime:1490223808
WeightClass:275
WidthClass:5
AngleClass:1
%EndFont

%BeginFont
Handler:DirectoryHandler
FontType:TrueType
FontName:Avenir-Book
FamilyName:Avenir
StyleName:Book
FullName:Avenir Book
MenuName:Avenir Book
StyleBits:0
WritingScript:Roman
OutlineFileName:C:\Users\DWIKY DIAS LAKSMANA\Downloads\Compressed\kadangkoding cfi\kadangkoding cfi\Font\Avenir.ttc
TTCOffset:72
DataFormat:sfntData
FileLength:1593228
FileModTime:1490223808
WeightClass:400
WidthClass:5
AngleClass:0
%EndFont

%BeginFont
Handler:DirectoryHandler
FontType:TrueType
FontName:Avenir-BookOblique
FamilyName:Avenir
StyleName:Book Oblique
FullName:Avenir Book Oblique
MenuName:Avenir Book
StyleBits:1
WritingScript:Roman
OutlineFileName:C:\Users\DWIKY DIAS LAKSMANA\Downloads\Compressed\kadangkoding cfi\kadangkoding cfi\Font\Avenir.ttc
TTCOffset:388
DataFormat:sfntData
FileLength:1593228
FileModTime:1490223808
WeightClass:400
WidthClass:5
AngleClass:1
%EndFont

%BeginFont
Handler:DirectoryHandler
FontType:TrueType
FontName:Avenir-Black
FamilyName:Avenir
StyleName:Black
FullName:Avenir Black
MenuName:Avenir Black
StyleBits:2
WritingScript:Roman
OutlineFileName:C:\Users\DWIKY DIAS LAKSMANA\Downloads\Compressed\kadangkoding cfi\kadangkoding cfi\Font\Avenir.ttc
TTCOffset:704
DataFormat:sfntData
FileLength:1593228
FileModTime:1490223808
WeightClass:800
WidthClass:5
AngleClass:0
%EndFont

%BeginFont
Handler:DirectoryHandler
FontType:TrueType
FontName:Avenir-BlackOblique
FamilyName:Avenir
StyleName:Black Oblique
FullName:Avenir Black Oblique
MenuName:Avenir Black Oblique
StyleBits:3
WritingScript:Roman
OutlineFileName:C:\Users\DWIKY DIAS LAKSMANA\Downloads\Compressed\kadangkoding cfi\kadangkoding cfi\Font\Avenir.ttc
TTCOffset:1004
DataFormat:sfntData
FileLength:1593228
FileModTime:1490223808
WeightClass:800
WidthClass:5
AngleClass:1
%EndFont

%BeginFont
Handler:DirectoryHandler
FontType:TrueType
FontName:Avenir-Heavy
FamilyName:Avenir
StyleName:Heavy
FullName:Avenir Heavy
MenuName:Avenir Heavy
StyleBits:2
WritingScript:Roman
OutlineFileName:C:\Users\DWIKY DIAS LAKSMANA\Downloads\Compressed\kadangkoding cfi\kadangkoding cfi\Font\Avenir.ttc
TTCOffset:1304
DataFormat:sfntData
FileLength:1593228
FileModTime:1490223808
WeightClass:900
WidthClass:5
AngleClass:0
%EndFont

%BeginFont
Handler:DirectoryHandler
FontType:TrueType
FontName:Avenir-HeavyOblique
FamilyName:Avenir
StyleName:Heavy Oblique
FullName:Avenir Heavy Oblique
MenuName:Avenir Heavy
StyleBits:3
WritingScript:Roman
OutlineFileName:C:\Users\DWIKY DIAS LAKSMANA\Downloads\Compressed\kadangkoding cfi\kadangkoding cfi\Font\Avenir.ttc
TTCOffset:1588
DataFormat:sfntData
FileLength:1593228
FileModTime:1490223808
WeightClass:900
WidthClass:5
AngleClass:1
%EndFont

%BeginFont
Handler:DirectoryHandler
FontType:TrueType
FontName:Avenir-Light
FamilyName:Avenir
StyleName:Light
FullName:Avenir Light
MenuName:Avenir Light
StyleBits:0
WritingScript:Roman
OutlineFileName:C:\Users\DWIKY DIAS LAKSMANA\Downloads\Compressed\kadangkoding cfi\kadangkoding cfi\Font\Avenir.ttc
TTCOffset:1904
DataFormat:sfntData
FileLength:1593228
FileModTime:1490223808
WeightClass:300
WidthClass:5
AngleClass:0
%EndFont

%BeginFont
Handler:DirectoryHandler
FontType:TrueType
FontName:Avenir-LightOblique
FamilyName:Avenir
StyleName:Light Oblique
FullName:Avenir Light Oblique
MenuName:Avenir Light
StyleBits:1
WritingScript:Roman
OutlineFileName:C:\Users\DWIKY DIAS LAKSMANA\Downloads\Compressed\kadangkoding cfi\kadangkoding cfi\Font\Avenir.ttc
TTCOffset:2220
DataFormat:sfntData
FileLength:1593228
FileModTime:1490223808
WeightClass:300
WidthClass:5
AngleClass:1
%EndFont

%BeginFont
Handler:DirectoryHandler
FontType:TrueType
FontName:Avenir-Medium
FamilyName:Avenir
StyleName:Medium
FullName:Avenir Medium
MenuName:Avenir Medium
StyleBits:0
WritingScript:Roman
OutlineFileName:C:\Users\DWIKY DIAS LAKSMANA\Downloads\Compressed\kadangkoding cfi\kadangkoding cfi\Font\Avenir.ttc
TTCOffset:2536
DataFormat:sfntData
FileLength:1593228
FileModTime:1490223808
WeightClass:500
WidthClass:5
AngleClass:0
%EndFont

%BeginFont
Handler:DirectoryHandler
FontType:TrueType
FontName:Avenir-MediumOblique
FamilyName:Avenir
StyleName:Medium Oblique
FullName:Avenir Medium Oblique
MenuName:Avenir Medium
StyleBits:1
WritingScript:Roman
OutlineFileName:C:\Users\DWIKY DIAS LAKSMANA\Downloads\Compressed\kadangkoding cfi\kadangkoding cfi\Font\Avenir.ttc
TTCOffset:2836
DataFormat:sfntData
FileLength:1593228
FileModTime:1490223808
WeightClass:500
WidthClass:5
AngleClass:1
%EndFont

%BeginFont
Handler:DirectoryHandler
FontType:TrueType
FontName:Avenir-Oblique
FamilyName:Avenir
StyleName:Oblique
FullName:Avenir Oblique
MenuName:Avenir
StyleBits:1
WritingScript:Roman
OutlineFileName:C:\Users\DWIKY DIAS LAKSMANA\Downloads\Compressed\kadangkoding cfi\kadangkoding cfi\Font\Avenir.ttc
TTCOffset:3152
DataFormat:sfntData
FileLength:1593228
FileModTime:1490223808
WeightClass:400
WidthClass:5
AngleClass:1
%EndFont

%BeginFont
Handler:DirectoryHandler
FontType:TrueType
FontName:Avenir-Roman
FamilyName:Avenir
StyleName:Roman
FullName:Avenir Roman
MenuName:Avenir
StyleBits:0
WritingScript:Roman
OutlineFileName:C:\Users\DWIKY DIAS LAKSMANA\Downloads\Compressed\kadangkoding cfi\kadangkoding cfi\Font\Avenir.ttc
TTCOffset:3468
DataFormat:sfntData
FileLength:1593228
FileModTime:1490223808
WeightClass:400
WidthClass:5
AngleClass:0
%EndFont

